<?xml version="1.0" encoding="UTF-8"?>
<coverage generated="1561070758986" clover="3.2.0">
  <project timestamp="1561070758987" name="All files">
    <metrics statements="24" coveredstatements="24" conditionals="0" coveredconditionals="0" methods="15" coveredmethods="12" elements="39" coveredelements="36" complexity="0" loc="24" ncloc="24" packages="1" files="1" classes="1"/>
    <file name="controller-firebase.js" path="C:\Users\Invitado\Desktop\mini-RS\MINI-RS\src\firebase\controller-firebase.js">
      <metrics statements="24" coveredstatements="24" conditionals="0" coveredconditionals="0" methods="15" coveredmethods="12"/>
      <line num="1" count="2" type="stmt"/>
      <line num="2" count="1" type="stmt"/>
      <line num="5" count="2" type="stmt"/>
      <line num="6" count="1" type="stmt"/>
      <line num="9" count="2" type="stmt"/>
      <line num="10" count="1" type="stmt"/>
      <line num="11" count="1" type="stmt"/>
      <line num="14" count="2" type="stmt"/>
      <line num="15" count="1" type="stmt"/>
      <line num="16" count="1" type="stmt"/>
      <line num="19" count="2" type="stmt"/>
      <line num="20" count="1" type="stmt"/>
      <line num="23" count="2" type="stmt"/>
      <line num="24" count="1" type="stmt"/>
      <line num="29" count="2" type="stmt"/>
      <line num="30" count="2" type="stmt"/>
      <line num="31" count="2" type="stmt"/>
      <line num="32" count="2" type="stmt"/>
      <line num="33" count="3" type="stmt"/>
      <line num="38" count="2" type="stmt"/>
      <line num="42" count="2" type="stmt"/>
      <line num="43" count="1" type="stmt"/>
      <line num="52" count="2" type="stmt"/>
      <line num="53" count="1" type="stmt"/>
    </file>
  </project>
</coverage>
