TN:
SF:C:\Users\Invitado\Desktop\mini-RS\MINI-RS\src\firebase\controller-firebase.js
FN:1,(anonymous_0)
FN:5,(anonymous_1)
FN:9,(anonymous_2)
FN:14,(anonymous_3)
FN:19,(anonymous_4)
FN:23,(anonymous_5)
FN:29,(anonymous_6)
FN:30,(anonymous_7)
FN:32,(anonymous_8)
FN:43,(anonymous_9)
FN:47,(anonymous_10)
FNF:11
FNH:11
FNDA:1,(anonymous_0)
FNDA:1,(anonymous_1)
FNDA:1,(anonymous_2)
FNDA:1,(anonymous_3)
FNDA:1,(anonymous_4)
FNDA:1,(anonymous_5)
FNDA:3,(anonymous_6)
FNDA:3,(anonymous_7)
FNDA:5,(anonymous_8)
FNDA:1,(anonymous_9)
FNDA:1,(anonymous_10)
DA:1,2
DA:2,1
DA:5,2
DA:6,1
DA:9,2
DA:10,1
DA:11,1
DA:14,2
DA:15,1
DA:16,1
DA:19,2
DA:20,1
DA:23,2
DA:24,1
DA:29,2
DA:30,3
DA:31,3
DA:32,3
DA:33,5
DA:39,3
DA:43,2
DA:44,1
DA:47,2
DA:48,1
LF:24
LH:24
BRF:0
BRH:0
end_of_record
